<?xml version="1.0" encoding="UTF-8"?>
<!-- Generated by org.testng.reporters.JUnitReportReporter -->
<testsuite hostname="DESKTOP-QVVN0GR" failures="0" tests="5" name="testNG.InvocationCount" time="0.084" errors="0" timestamp="2022-11-16T16:50:50 IST" skipped="0">
  <testcase classname="testNG.InvocationCount" name="myMethod" time="0.008"/>
  <system-out>
    <![CDATA[My Method is running]]>
  </system-out>
  <testcase classname="testNG.InvocationCount" name="myMethod" time="0.011"/>
  <system-out>
    <![CDATA[My Method is running]]>
  </system-out>
  <testcase classname="testNG.InvocationCount" name="myMethod" time="0.006"/>
  <system-out>
    <![CDATA[My Method is running]]>
  </system-out>
  <testcase classname="testNG.InvocationCount" name="myMethod" time="0.016"/>
  <system-out>
    <![CDATA[My Method is running]]>
  </system-out>
  <testcase classname="testNG.InvocationCount" name="myMethod" time="0.043"/>
  <system-out>
    <![CDATA[My Method is running]]>
  </system-out>
</testsuite> <!-- testNG.InvocationCount -->
