<?xml version="1.0" encoding="UTF-8"?>
<!-- Generated by org.testng.reporters.JUnitReportReporter -->
<testsuite hostname="DESKTOP-QVVN0GR" failures="0" tests="1" name="verificationUsingTestNG.Tesing" time="30.617" errors="0" timestamp="2022-11-20T16:31:37 IST" skipped="0">
  <testcase classname="verificationUsingTestNG.Tesing" name="verifyCheckBoxStatus" time="30.617"/>
  <system-out/>
</testsuite> <!-- verificationUsingTestNG.Tesing -->
