<?xml version="1.0" encoding="UTF-8"?>
<!-- Generated by org.testng.reporters.JUnitReportReporter -->
<testsuite hostname="DESKTOP-QVVN0GR" failures="0" tests="4" name="testNgKeyWords.Priority" time="0.054" errors="0" timestamp="2022-11-20T15:59:51 IST" skipped="0">
  <testcase classname="testNgKeyWords.Priority" name="D" time="0.034"/>
  <system-out>
    <![CDATA[D method is running]]>
  </system-out>
  <testcase classname="testNgKeyWords.Priority" name="C" time="0.007"/>
  <system-out>
    <![CDATA[C method is running]]>
  </system-out>
  <testcase classname="testNgKeyWords.Priority" name="B" time="0.007"/>
  <system-out>
    <![CDATA[B method is running]]>
  </system-out>
  <testcase classname="testNgKeyWords.Priority" name="A" time="0.006"/>
  <system-out>
    <![CDATA[A method is running]]>
  </system-out>
</testsuite> <!-- testNgKeyWords.Priority -->
