<?xml version="1.0" encoding="UTF-8"?>
<!-- Generated by org.testng.reporters.JUnitReportReporter -->
<testsuite hostname="DESKTOP-QVVN0GR" failures="0" tests="4" name="testNG.ehtg" time="0.089" errors="0" timestamp="2022-11-16T17:12:44 IST" skipped="0">
  <testcase classname="testNG.ehtg" name="A" time="0.037"/>
  <system-out>
    <![CDATA[A method is running]]>
  </system-out>
  <testcase classname="testNG.ehtg" name="C" time="0.018"/>
  <system-out>
    <![CDATA[C method is running]]>
  </system-out>
  <testcase classname="testNG.ehtg" name="G" time="0.021"/>
  <system-out>
    <![CDATA[G method is running]]>
  </system-out>
  <testcase classname="testNG.ehtg" name="Z" time="0.013"/>
  <system-out>
    <![CDATA[Z method is running]]>
  </system-out>
</testsuite> <!-- testNG.ehtg -->
