<?xml version="1.0" encoding="UTF-8"?>
<!-- Generated by org.testng.reporters.JUnitReportReporter -->
<testsuite hostname="DESKTOP-QVVN0GR" failures="0" tests="1" name="verificationUsingTestNG1.verifyCheckBoxStatus" time="31.003" errors="0" timestamp="2022-12-12T14:54:31 IST" skipped="0">
  <testcase classname="verificationUsingTestNG1.verifyCheckBoxStatus" name="verifyCheckBoxStatus1" time="31.003"/>
  <system-out/>
</testsuite> <!-- verificationUsingTestNG1.verifyCheckBoxStatus -->
