<?xml version="1.0" encoding="UTF-8"?>
<!-- Generated by org.testng.reporters.JUnitReportReporter -->
<testsuite hostname="DESKTOP-QVVN0GR" failures="0" tests="1" name="TestNGStudy.ValidateUserID" time="0.034" errors="0" timestamp="2022-11-22T13:01:52 IST" skipped="0">
  <testcase classname="TestNGStudy.ValidateUserID" name="validateUpStoxUserID" time="0.034"/>
  <system-out>
    <![CDATA[User ID validated]]>
  </system-out>
</testsuite> <!-- TestNGStudy.ValidateUserID -->
