<?xml version="1.0" encoding="UTF-8"?>
<!-- Generated by org.testng.reporters.JUnitReportReporter -->
<testsuite hostname="DESKTOP-QVVN0GR" failures="0" tests="1" name="testNG.NewTest1" time="28.653" errors="0" timestamp="2022-11-09T17:02:03 IST" skipped="0">
  <testcase classname="testNG.NewTest1" name="print1" time="28.653"/>
  <system-out>
    <![CDATA[hi i  am reporter log
hi i am reporter log with string]]>
  </system-out>
</testsuite> <!-- testNG.NewTest1 -->
