<?xml version="1.0" encoding="UTF-8"?>
<!-- Generated by org.testng.reporters.JUnitReportReporter -->
<testsuite hostname="DESKTOP-QVVN0GR" failures="0" tests="1" name="testNG.ValidateID" time="0.047" errors="0" timestamp="2022-11-16T16:33:02 IST" skipped="0">
  <testcase classname="testNG.ValidateID" name="validateUpStoxUserID" time="0.047"/>
  <system-out>
    <![CDATA[User ID validated]]>
  </system-out>
</testsuite> <!-- testNG.ValidateID -->
