<?xml version="1.0" encoding="UTF-8"?>
<!-- Generated by org.testng.reporters.JUnitReportReporter -->
<testsuite hostname="DESKTOP-QVVN0GR" failures="0" tests="4" name="testNgKeyWords.Enabled" time="0.060" errors="0" timestamp="2022-11-20T16:01:13 IST" skipped="1">
  <testcase classname="testNgKeyWords.Enabled" name="A" time="0.042"/>
  <system-out>
    <![CDATA[A method is running]]>
  </system-out>
  <testcase classname="testNgKeyWords.Enabled" name="D" time="0.010"/>
  <system-out>
    <![CDATA[D method is running]]>
  </system-out>
  <testcase classname="testNgKeyWords.Enabled" name="C" time="0.008"/>
  <system-out>
    <![CDATA[C method is running]]>
  </system-out>
  <testcase classname="testNgKeyWords.Enabled" name="B">
    <skipped/>
  </testcase> <!-- B -->
  <system-out/>
</testsuite> <!-- testNgKeyWords.Enabled -->
