<?xml version="1.0" encoding="UTF-8"?>
<!-- Generated by org.testng.reporters.JUnitReportReporter -->
<testsuite hostname="DESKTOP-QVVN0GR" failures="0" tests="5" name="testNgKeyWords.InvocationCount" time="0.085" errors="0" timestamp="2022-11-22T17:11:09 IST" skipped="0">
  <testcase classname="testNgKeyWords.InvocationCount" name="myMethod" time="0.021"/>
  <system-out>
    <![CDATA[My Method is running]]>
  </system-out>
  <testcase classname="testNgKeyWords.InvocationCount" name="myMethod" time="0.006"/>
  <system-out>
    <![CDATA[My Method is running]]>
  </system-out>
  <testcase classname="testNgKeyWords.InvocationCount" name="myMethod" time="0.007"/>
  <system-out>
    <![CDATA[My Method is running]]>
  </system-out>
  <testcase classname="testNgKeyWords.InvocationCount" name="myMethod" time="0.008"/>
  <system-out>
    <![CDATA[My Method is running]]>
  </system-out>
  <testcase classname="testNgKeyWords.InvocationCount" name="myMethod" time="0.043"/>
  <system-out>
    <![CDATA[My Method is running]]>
  </system-out>
</testsuite> <!-- testNgKeyWords.InvocationCount -->
