<?xml version="1.0" encoding="UTF-8"?>
<!-- Generated by org.testng.reporters.JUnitReportReporter -->
<testsuite hostname="DESKTOP-QVVN0GR" failures="0" tests="2" name="neoStoxTestclasses.ValidateNeoStoxAccBalance2" time="53.601" errors="0" timestamp="2022-12-12T15:31:10 IST" skipped="0">
  <testcase classname="neoStoxTestclasses.ValidateNeoStoxAccBalance2" name="validateUserID" time="21.352"/>
  <system-out>
    <![CDATA[Waiting for 1000ms
getting actual user name
Actual user name is Akshay Nangare
Reading UserName from property file
Waiting for 1000ms
getting actual user name
Actual user name is Akshay Nangare
Waiting for 500ms
taking screenshot]]>
  </system-out>
  <testcase classname="neoStoxTestclasses.ValidateNeoStoxAccBalance2" name="validateAccBalance" time="32.249"/>
  <system-out>
    <![CDATA[Waiting for 1000ms
getting accBalance 
Account Balance is Rs.5,00,000.00
Waiting for 500ms
taking screenshot]]>
  </system-out>
</testsuite> <!-- neoStoxTestclasses.ValidateNeoStoxAccBalance2 -->
