<?xml version="1.0" encoding="UTF-8"?>
<!-- Generated by org.testng.reporters.JUnitReportReporter -->
<testsuite hostname="DESKTOP-QVVN0GR" failures="0" tests="2" name="testNG.TestNGAnnotations" time="0.069" errors="0" timestamp="2022-11-16T16:38:43 IST" skipped="0">
  <testcase classname="testNG.TestNGAnnotations" name="myTest" time="0.037"/>
  <system-out>
    <![CDATA[Hi this is MyTest]]>
  </system-out>
  <testcase classname="testNG.TestNGAnnotations" name="myTest1" time="0.032"/>
  <system-out>
    <![CDATA[Hi this is MyTest1]]>
  </system-out>
</testsuite> <!-- testNG.TestNGAnnotations -->
