<?xml version="1.0" encoding="UTF-8"?>
<!-- Generated by org.testng.reporters.JUnitReportReporter -->
<testsuite hostname="DESKTOP-QVVN0GR" failures="0" tests="2" name="testNG.testngEG1" time="35.720" errors="0" timestamp="2022-11-08T17:21:28 IST" skipped="0">
  <testcase classname="testNG.testngEG1" name="upstox1" time="23.615"/>
  <system-out/>
  <testcase classname="testNG.testngEG1" name="zerodha" time="12.105"/>
  <system-out/>
</testsuite> <!-- testNG.testngEG1 -->
