<?xml version="1.0" encoding="UTF-8"?>
<!-- Generated by org.testng.reporters.JUnitReportReporter -->
<testsuite hostname="DESKTOP-QVVN0GR" failures="0" tests="4" name="testNG.Priority" time="0.091" errors="0" timestamp="2022-11-16T17:10:53 IST" skipped="0">
  <testcase classname="testNG.Priority" name="A" time="0.050"/>
  <system-out>
    <![CDATA[A method is running]]>
  </system-out>
  <testcase classname="testNG.Priority" name="B" time="0.006"/>
  <system-out>
    <![CDATA[B method is running]]>
  </system-out>
  <testcase classname="testNG.Priority" name="C" time="0.017"/>
  <system-out>
    <![CDATA[C method is running]]>
  </system-out>
  <testcase classname="testNG.Priority" name="D" time="0.018"/>
  <system-out>
    <![CDATA[D method is running]]>
  </system-out>
</testsuite> <!-- testNG.Priority -->
