<?xml version="1.0" encoding="UTF-8"?>
<!-- Generated by org.testng.reporters.JUnitReportReporter -->
<testsuite hostname="DESKTOP-QVVN0GR" failures="0" tests="2" name="TestNGStudy.TestNGAnnotations" time="0.035" errors="0" timestamp="2022-11-22T17:10:00 IST" skipped="0">
  <testcase classname="TestNGStudy.TestNGAnnotations" name="myTest" time="0.024"/>
  <system-out>
    <![CDATA[Hi this is MyTest]]>
  </system-out>
  <testcase classname="TestNGStudy.TestNGAnnotations" name="myTest1" time="0.011"/>
  <system-out>
    <![CDATA[Hi this is MyTest1]]>
  </system-out>
</testsuite> <!-- TestNGStudy.TestNGAnnotations -->
